<?xml version="1.0" encoding="UTF-8"?>
<!-- Generated by org.testng.reporters.JUnitReportReporter -->
<testsuite hostname="DESKTOP-5P1EIR6" failures="0" tests="1" name="basics.Navigation" time="27.892" errors="0" timestamp="06 May 2020 04:06:59 GMT" skipped="0">
  <testcase classname="basics.Navigation" name="myBasics" time="27.892"/>
</testsuite> <!-- basics.Navigation -->
