<?xml version="1.0" encoding="UTF-8"?>
<!-- Generated by org.testng.reporters.JUnitReportReporter -->
<testsuite hostname="DESKTOP-5P1EIR6" failures="0" tests="1" name="basics.SeleniumFirstProgram" time="27.919" errors="0" timestamp="02 May 2020 14:38:51 GMT" skipped="0">
  <testcase classname="basics.SeleniumFirstProgram" name="openURL" time="27.919"/>
</testsuite> <!-- basics.SeleniumFirstProgram -->
