<?xml version="1.0" encoding="UTF-8"?>
<!-- Generated by org.testng.reporters.JUnitReportReporter -->
<testsuite hostname="DESKTOP-5P1EIR6" failures="0" tests="1" name="popupHandling.PopUpWindowHandling" time="21.245" errors="0" timestamp="17 May 2020 15:01:38 GMT" skipped="0">
  <testcase classname="popupHandling.PopUpWindowHandling" name="popup" time="21.245"/>
</testsuite> <!-- popupHandling.PopUpWindowHandling -->
