<?xml version="1.0" encoding="UTF-8"?>
<!-- Generated by org.testng.reporters.JUnitReportReporter -->
<testsuite hostname="DESKTOP-5P1EIR6" failures="0" tests="2" name="testng.TestDataProvider" time="29.905" errors="0" timestamp="26 May 2020 03:40:45 GMT" skipped="0">
  <testcase classname="testng.TestDataProvider" name="setCredentials" time="13.710"/>
  <testcase classname="testng.TestDataProvider" name="setCredentials" time="16.195"/>
</testsuite> <!-- testng.TestDataProvider -->
