<?xml version="1.0" encoding="UTF-8"?>
<!-- Generated by org.testng.reporters.JUnitReportReporter -->
<testsuite hostname="DESKTOP-5P1EIR6" failures="0" tests="1" name="basics.Screenshot" time="14.159" errors="0" timestamp="07 May 2020 03:38:30 GMT" skipped="0">
  <testcase classname="basics.Screenshot" name="screenshot1" time="14.159"/>
</testsuite> <!-- basics.Screenshot -->
