<?xml version="1.0" encoding="UTF-8"?>
<!-- Generated by org.testng.reporters.JUnitReportReporter -->
<testsuite hostname="DESKTOP-5P1EIR6" failures="0" tests="1" name="basics.Locators" time="30.892" errors="0" timestamp="03 May 2020 14:47:53 GMT" skipped="0">
  <testcase classname="basics.Locators" name="learnLocators" time="30.892"/>
</testsuite> <!-- basics.Locators -->
