<?xml version="1.0" encoding="UTF-8"?>
<!-- Generated by org.testng.reporters.JUnitReportReporter -->
<testsuite hostname="DESKTOP-5P1EIR6" failures="0" tests="3" name="testng.DataProviderWthExcel" time="58.557" errors="0" timestamp="27 May 2020 03:13:56 GMT" skipped="0">
  <testcase classname="testng.DataProviderWthExcel" name="setCredentials" time="15.340"/>
  <testcase classname="testng.DataProviderWthExcel" name="setCredentials" time="19.126"/>
  <testcase classname="testng.DataProviderWthExcel" name="setCredentials" time="24.091"/>
</testsuite> <!-- testng.DataProviderWthExcel -->
