<?xml version="1.0" encoding="UTF-8"?>
<!-- Generated by org.testng.reporters.JUnitReportReporter -->
<testsuite hostname="DESKTOP-5P1EIR6" failures="0" tests="1" name="basics.Screenshot_utility" time="27.542" errors="0" timestamp="07 May 2020 03:48:47 GMT" skipped="0">
  <testcase classname="basics.Screenshot_utility" name="callCaptureSnap" time="27.542"/>
</testsuite> <!-- basics.Screenshot_utility -->
